<?xml version="1.0" encoding="UTF-8"?>
<!-- Generated by org.testng.reporters.JUnitXMLReporter -->
<testsuite ignored="0" hostname="DESKTOP-SM3GAAU" failures="0" tests="5" name="Test" time="0.194" errors="0" timestamp="2022-10-10T21:48:49 PKT">
  <testcase classname="com.qa.base.BaseTest" name="@BeforeTest beforeTest" time="-1.66542052944E9">
    <failure type="org.testng.TestNGException" message="
Parameter &amp;apos;deviceType&amp;apos; is required by BeforeTest on method beforeTest but has not been marked @Optional or defined
in C:\Users\eBricks\eclipse-workspace\SwagLabParallel\swaglab.xml">
      <![CDATA[org.testng.TestNGException: 
Parameter 'deviceType' is required by BeforeTest on method beforeTest but has not been marked @Optional or defined
in C:\Users\eBricks\eclipse-workspace\SwagLabParallel\swaglab.xml
... Removed 21 stack frames]]>
    </failure>
  </testcase> <!-- @BeforeTest beforeTest -->
  <testcase classname="com.qa.test.ProductDetailsTest" name="@BeforeClass beforeClass" time="-1.665420529457E9">
    <skipped/>
  </testcase> <!-- @BeforeClass beforeClass -->
  <testcase classname="com.qa.test.ProductDetailsTest" name="@AfterClass afterClass" time="-1.665420529629E9">
    <skipped/>
  </testcase> <!-- @AfterClass afterClass -->
  <testcase classname="com.qa.base.BaseTest" name="@AfterTest afterTest" time="-1.66542052963E9">
    <skipped/>
  </testcase> <!-- @AfterTest afterTest -->
  <testcase classname="com.qa.test.ProductDetailsTest" name="validateProdTitlePrice" time="0.0">
    <skipped/>
  </testcase> <!-- validateProdTitlePrice -->
  <testcase classname="com.qa.test.ProductDetailsTest" name="validateProdTitleDetailsPrice" time="0.0">
    <skipped/>
  </testcase> <!-- validateProdTitleDetailsPrice -->
  <testcase classname="com.qa.test.ProductDetailsTest" name="validateProdDetailsAndPrice" time="0.0">
    <skipped/>
  </testcase> <!-- validateProdDetailsAndPrice -->
  <testcase classname="com.qa.test.ProductDetailsTest" name="validateProdTitlePriceWithDeeplink" time="0.0">
    <skipped/>
  </testcase> <!-- validateProdTitlePriceWithDeeplink -->
  <testcase classname="com.qa.test.ProductDetailsTest" name="validateProdDetailsAndPriceWithDeeplink" time="0.0">
    <skipped/>
  </testcase> <!-- validateProdDetailsAndPriceWithDeeplink -->
</testsuite> <!-- Test -->
